app/build/intermediates/aapt_proguard_file/debug/aapt_rules.txt
-keep class ai.advance.liveness.lib.LService { <init>(); }
-keep class android.support.v4.app.CoreComponentFactory { <init>(); }
-keep class com.iblogstreet.liveness.sdk.activity.LivenessActivity { <init>(); }
-keep class com.taobao.weex.WXGlobalEventReceiver { <init>(); }
-keep class io.dcloud.PandoraEntry { <init>(); }
-keep class io.dcloud.PandoraEntryActivity { <init>(); }
-keep class io.dcloud.ProcessMediator { <init>(); }
-keep class io.dcloud.WebAppActivity { <init>(); }
-keep class io.dcloud.WebviewActivity { <init>(); }
-keep class io.dcloud.application.DCloudApplication { <init>(); }
-keep class io.dcloud.common.adapter.io.DownloadReceiver { <init>(); }
-keep class io.dcloud.common.adapter.io.MiniServerService { <init>(); }
-keep class io.dcloud.common.adapter.io.PushReceiver { <init>(); }
-keep class io.dcloud.common.util.DCloud_FileProvider { <init>(); }
-keep class io.dcloud.feature.nativeObj.photoview.PhotoActivity { <init>(); }
-keep class io.dcloud.imagepick.CustomGalleryActivity { <init>(); }
-keep class io.dcloud.uniplugin.NativePageActivity { <init>(); }
-keep class ai.advance.liveness.lib.LivenessView { <init>(android.content.Context, android.util.AttributeSet); }

-keep class android.support.constraint.ConstraintLayout { <init>(android.content.Context, android.util.AttributeSet); }

-keep class android.support.constraint.Guideline { <init>(android.content.Context, android.util.AttributeSet); }

-keep class android.support.v4.view.ViewPager { <init>(android.content.Context, android.util.AttributeSet); }

-keep class android.support.v4.widget.NestedScrollView { <init>(android.content.Context, android.util.AttributeSet); }

-keep class android.support.v7.app.AlertController$RecycleListView { <init>(android.content.Context, android.util.AttributeSet); }

-keep class android.support.v7.view.menu.ActionMenuItemView { <init>(android.content.Context, android.util.AttributeSet); }

-keep class android.support.v7.view.menu.ExpandedMenuView { <init>(android.content.Context, android.util.AttributeSet); }

-keep class android.support.v7.view.menu.ListMenuItemView { <init>(android.content.Context, android.util.AttributeSet); }

-keep class android.support.v7.widget.ActionBarContainer { <init>(android.content.Context, android.util.AttributeSet); }

-keep class android.support.v7.widget.ActionBarContextView { <init>(android.content.Context, android.util.AttributeSet); }

-keep class android.support.v7.widget.ActionBarOverlayLayout { <init>(android.content.Context, android.util.AttributeSet); }

-keep class android.support.v7.widget.ActionMenuView { <init>(android.content.Context, android.util.AttributeSet); }

-keep class android.support.v7.widget.ActivityChooserView$InnerLayout { <init>(android.content.Context, android.util.AttributeSet); }

-keep class android.support.v7.widget.AlertDialogLayout { <init>(android.content.Context, android.util.AttributeSet); }

-keep class android.support.v7.widget.ButtonBarLayout { <init>(android.content.Context, android.util.AttributeSet); }

-keep class android.support.v7.widget.ContentFrameLayout { <init>(android.content.Context, android.util.AttributeSet); }

-keep class android.support.v7.widget.DialogTitle { <init>(android.content.Context, android.util.AttributeSet); }

-keep class android.support.v7.widget.FitWindowsFrameLayout { <init>(android.content.Context, android.util.AttributeSet); }

-keep class android.support.v7.widget.FitWindowsLinearLayout { <init>(android.content.Context, android.util.AttributeSet); }

-keep class android.support.v7.widget.SearchView$SearchAutoComplete { <init>(android.content.Context, android.util.AttributeSet); }

-keep class android.support.v7.widget.Toolbar { <init>(android.content.Context, android.util.AttributeSet); }

-keep class android.support.v7.widget.ViewStubCompat { <init>(android.content.Context, android.util.AttributeSet); }

-keep class android.widget.Space { <init>(android.content.Context, android.util.AttributeSet); }

-keep class com.dcloud.android.widget.TextViewButton { <init>(android.content.Context, android.util.AttributeSet); }

-keep class com.taobao.weex.ui.view.listview.WXRecyclerView { <init>(android.content.Context, android.util.AttributeSet); }

-keep class io.dcloud.common.ui.GifImageView { <init>(android.content.Context, android.util.AttributeSet); }