app/build/outputs/mapping/debug/mapping.txt
# compiler: R8
# compiler_version: 2.0.74
# min_api: 25
# pg_map_id: d57bc33
# common_typos_disable
com.HBuilder.UniPlugin.BuildConfig -> com.HBuilder.UniPlugin.BuildConfig:
    7:7:void <clinit>() -> <clinit>
    6:6:void <init>() -> <init>
...
android.support.v4.media.session.MediaSessionCompat$QueueItem -> android.support.v4.media.session.MediaSessionCompat$QueueItem:
    1875:1875:void <clinit>() -> <clinit>
    1769:1770:void <init>(android.support.v4.media.MediaDescriptionCompat,long) -> <init>
    1772:1774:void <init>(java.lang.Object,android.support.v4.media.MediaDescriptionCompat,long) -> <init>
    1784:1787:void <init>(android.os.Parcel) -> <init>
    1811:1811:int describeContents() -> describeContents
    1844:1845:android.support.v4.media.session.MediaSessionCompat$QueueItem fromQueueItem(java.lang.Object) -> fromQueueItem
    1865:1866:java.util.List fromQueueItemList(java.util.List) -> fromQueueItemList
    1793:1793:android.support.v4.media.MediaDescriptionCompat getDescription() -> getDescription
    1800:1800:long getQueueId() -> getQueueId
    1825:1826:java.lang.Object getQueueItem() -> getQueueItem
    1891:1891:java.lang.String toString() -> toString
    1805:1807:void writeToParcel(android.os.Parcel,int) -> writeToParcel
android.support.v4.media.session.MediaSessionCompat$QueueItem$1 -> android.support.v4.media.session.MediaSessionCompat$QueueItem$1:
    1876:1876:void <init>() -> <init>
    1876:1876:java.lang.Object createFromParcel(android.os.Parcel) -> createFromParcel
    1880:1880:android.support.v4.media.session.MediaSessionCompat$QueueItem createFromParcel(android.os.Parcel) -> createFromParcel
    1876:1876:java.lang.Object[] newArray(int) -> newArray
    1885:1885:android.support.v4.media.session.MediaSessionCompat$QueueItem[] newArray(int) -> newArray
android.support.v4.media.session.MediaSessionCompat$ResultReceiverWrapper -> android.support.v4.media.session.MediaSessionCompat$ResultReceiverWrapper:
    1917:1917:void <clinit>() -> <clinit>
    1908:1910:void <init>(android.os.ResultReceiver) -> <init>
    1912:1914:void <init>(android.os.Parcel) -> <init>
    1931:1931:int describeContents() -> describeContents
    1936:1937:void writeToParcel(android.os.Parcel,int) -> writeToParcel
android.support.v4.media.session.MediaSessionCompat$ResultReceiverWrapper$1 -> android.support.v4.media.session.MediaSessionCompat$ResultReceiverWrapper$1:
    1917:1917:void <init>() -> <init>
    1917:1917:java.lang.Object createFromParcel(android.os.Parcel) -> createFromParcel
    1920:1920:android.support.v4.media.session.MediaSessionCompat$ResultReceiverWrapper createFromParcel(android.os.Parcel) -> createFromParcel
    1917:1917:java.lang.Object[] newArray(int) -> newArray
    1925:1925:android.support.v4.media.session.MediaSessionCompat$ResultReceiverWrapper[] newArray(int) -> newArray