app/build/outputs/mapping/debug/usage.txt
android.support.annotation.TransitionRes
dc.squareup.okhttp3.Cache:
    public void <init>(java.io.File,long)
    void <init>(java.io.File,long,dc.squareup.okhttp3.internal.io.FileSystem)
    public static java.lang.String key(dc.squareup.okhttp3.HttpUrl)
    private void abortQuietly(dc.squareup.okhttp3.internal.cache.DiskLruCache$Editor)
    static int readInt(dc.squareup.okio.BufferedSource)
    dc.squareup.okhttp3.Response get(dc.squareup.okhttp3.Request)
    dc.squareup.okhttp3.internal.cache.CacheRequest put(dc.squareup.okhttp3.Response)
    void remove(dc.squareup.okhttp3.Request)
    void update(dc.squareup.okhttp3.Response,dc.squareup.okhttp3.Response)
    public void initialize()
    public void delete()
    public void evictAll()
    public java.util.Iterator urls()
    public synchronized int writeAbortCount()
    public synchronized int writeSuccessCount()
    public long size()
    public long maxSize()
    public void flush()
    public void close()
    public java.io.File directory()
    public boolean isClosed()
    synchronized void trackResponse(dc.squareup.okhttp3.internal.cache.CacheStrategy)
    synchronized void trackConditionalCacheHit()
    public synchronized int networkCount()
    public synchronized int hitCount()
    public synchronized int requestCount()
    final dc.squareup.okhttp3.internal.cache.DiskLruCache cache
    int writeSuccessCount
    int writeAbortCount
    private int networkCount
    private int hitCount
    private int requestCount
    private static final int VERSION
android.support.v7.app.WindowDecorActionBar:
    public void <init>(android.view.View)
    private void ensureTabsExist()
    private void cleanupTabs()
    private void configureTab(android.support.v7.app.ActionBar$Tab,int)
    public float getElevation()
    public void addOnMenuVisibilityListener(android.support.v7.app.ActionBar$OnMenuVisibilityListener)
    public void removeOnMenuVisibilityListener(android.support.v7.app.ActionBar$OnMenuVisibilityListener)
    public void setCustomView(int)
    public void setDisplayUseLogoEnabled(boolean)
    public void setDisplayShowHomeEnabled(boolean)
    public void setDisplayShowTitleEnabled(boolean)
    public void setDisplayShowCustomEnabled(boolean)
    public void setTitle(int)
    public void setSubtitle(int)
    public void setSelectedNavigationItem(int)
    public void removeAllTabs()
    public void setTitle(java.lang.CharSequence)
    public boolean requestFocus()
    public void setSubtitle(java.lang.CharSequence)
    public void setDisplayOptions(int)
    public void setBackgroundDrawable(android.graphics.drawable.Drawable)
    public void setStackedBackgroundDrawable(android.graphics.drawable.Drawable)
    public void setSplitBackgroundDrawable(android.graphics.drawable.Drawable)
    public android.view.View getCustomView()
    public java.lang.CharSequence getTitle()
    public java.lang.CharSequence getSubtitle()
    public void addTab(android.support.v7.app.ActionBar$Tab)
android.support.multidex.BuildConfig
android.support.v7.widget.PopupMenu:
    public void setGravity(int)
    public int getGravity()
    public android.view.View$OnTouchListener getDragToOpenListener()
    public android.view.MenuInflater getMenuInflater()
    public void inflate(int)
    public void dismiss()
    public void setOnDismissListener(android.support.v7.widget.PopupMenu$OnDismissListener)
    android.widget.ListView getMenuListView()
    private android.view.View$OnTouchListener mDragListener
dc.squareup.okhttp3.internal.http2.Http2Reader$Handler:
    public abstract void alternateService(int,java.lang.String,dc.squareup.okio.ByteString,java.lang.String,int,long)
android.support.v7.widget.TooltipCompat:
    private void <init>()
android.support.v7.view.ContextThemeWrapper:
    public void applyOverrideConfiguration(android.content.res.Configuration)